2025/07/02 10:25:49 [INFO] Packer version: 1.12.0 [go1.22.9 windows amd64]
2025/07/02 10:25:49 [INFO] PACKER_CONFIG env var not set; checking the default config file path
2025/07/02 10:25:49 [INFO] PACKER_CONFIG env var set; attempting to open config file: C:\Users\Ulrich Steve NOUMSI\AppData\Roaming\packer.config
2025/07/02 10:25:49 [WARN] Config file doesn't exist: C:\Users\Ulrich Steve NOUMSI\AppData\Roaming\packer.config
2025/07/02 10:25:49 [INFO] Setting cache directory: e:\travail\rex-devsecops\packer_cache
2025/07/02 10:25:49 [TRACE] listing potential installations for "github.com/hashicorp/amazon" that match "1.2.8". plugingetter.ListInstallationsOptions{PluginDirectory:"C:\\Users\\Ulrich Steve NOUMSI\\AppData\\Roaming\\packer.d\\plugins", BinaryInstallationOptions:plugingetter.BinaryInstallationOptions{APIVersionMajor:"5", APIVersionMinor:"0", OS:"windows", ARCH:"amd64", Ext:".exe", Checksummers:[]plugingetter.Checksummer{plugingetter.Checksummer{Type:"sha256", Hash:(*sha256.digest)(0xc00004b000)}}, ReleasesOnly:false}}
2025/07/02 10:25:50 [TRACE] version "v1.3.6" of file "C:\\Users\\Ulrich Steve NOUMSI\\AppData\\Roaming\\packer.d\\plugins\\github.com\\hashicorp\\amazon\\packer-plugin-amazon_v1.3.6_x5.0_windows_amd64.exe" does not match constraint "1.2.8"
2025/07/02 10:25:50 [TRACE] Found the following "github.com/hashicorp/amazon" installations: [{C:\Users\Ulrich Steve NOUMSI\AppData\Roaming\packer.d\plugins\github.com\hashicorp\amazon\packer-plugin-amazon_v1.2.8_x5.0_windows_amd64.exe v1.2.8 x5.0}]
2025/07/02 10:25:50 [INFO] found external [chroot ebs ebssurrogate ebsvolume instance] builders from amazon plugin
2025/07/02 10:25:50 [INFO] found external [import] post-processors from amazon plugin
2025/07/02 10:25:50 found external [ami parameterstore secretsmanager] datasource from amazon plugin
2025/07/02 10:25:50 plugin "C:\\Users\\Ulrich Steve NOUMSI\\AppData\\Roaming\\packer.d\\plugins\\github.com\\hashicorp\\amazon\\packer-plugin-amazon_v1.2.8_x5.0_windows_amd64.exe" does not support Protobuf, forcing use of Gob
2025/07/02 10:25:50 [TRACE] listing potential installations for <nil> that match "". plugingetter.ListInstallationsOptions{PluginDirectory:"C:\\Users\\Ulrich Steve NOUMSI\\AppData\\Roaming\\packer.d\\plugins", BinaryInstallationOptions:plugingetter.BinaryInstallationOptions{APIVersionMajor:"5", APIVersionMinor:"0", OS:"windows", ARCH:"amd64", Ext:".exe", Checksummers:[]plugingetter.Checksummer{plugingetter.Checksummer{Type:"sha256", Hash:(*sha256.digest)(0xc00004b200)}}, ReleasesOnly:false}}
2025/07/02 10:25:50 [INFO] found external [chroot ebs ebssurrogate ebsvolume instance] builders from amazon plugin
2025/07/02 10:25:50 [INFO] found external [import] post-processors from amazon plugin
2025/07/02 10:25:50 found external [ami parameterstore secretsmanager] datasource from amazon plugin
2025/07/02 10:25:50 [INFO] found external [-packer-default-plugin-name-] builders from vagrant plugin
2025/07/02 10:25:50 [INFO] found external [-packer-default-plugin-name- cloud registry] post-processors from vagrant plugin
2025/07/02 10:25:50 [INFO] found external [iso ovf vm] builders from virtualbox plugin
2025/07/02 10:25:50 waiting for all plugin processes to complete...
panic: interface conversion: interface is nil, not dag.Vertex

goroutine 1 [running]:
github.com/hashicorp/packer/internal/dag.stronglyConnected(0xc000640e78, 0xc00008aa00, {0x1f47ea0, 0xc0005ace10})
	github.com/hashicorp/packer/internal/dag/tarjan.go:31 +0x4fb
github.com/hashicorp/packer/internal/dag.StronglyConnected(0xc00008aa00)
	github.com/hashicorp/packer/internal/dag/tarjan.go:19 +0x267
github.com/hashicorp/packer/internal/dag.(*AcyclicGraph).Cycles(0xcc22c6?)
	github.com/hashicorp/packer/internal/dag/dag.go:62 +0x19
github.com/hashicorp/packer/internal/dag.(*AcyclicGraph).Validate(0xc00008aa00)
	github.com/hashicorp/packer/internal/dag/dag.go:34 +0x2a
github.com/hashicorp/packer/hcl2template.(*PackerConfig).buildPrereqsDAG(0xc0007fd040)
	github.com/hashicorp/packer/hcl2template/parser.go:446 +0x732
github.com/hashicorp/packer/hcl2template.(*PackerConfig).evaluateBuildPrereqs(0xc0007fd040, 0x1)
	github.com/hashicorp/packer/hcl2template/parser.go:459 +0x69
github.com/hashicorp/packer/hcl2template.(*PackerConfig).Initialize(0xc0007fd040, {0x38?, 0x81?})
	github.com/hashicorp/packer/hcl2template/parser.go:524 +0x32e
github.com/hashicorp/packer/command.(*ValidateCommand).RunContext(0xc0004ec810, {0xc00060eab0?, 0x1?}, 0xc0001ced80)
	github.com/hashicorp/packer/command/validate.go:84 +0x14b
github.com/hashicorp/packer/command.(*ValidateCommand).Run(0xc0004ec810, {0xc00060eab0, 0x1, 0x1})
	github.com/hashicorp/packer/command/validate.go:29 +0xbb
github.com/mitchellh/cli.(*CLI).Run(0xc0007fcdc0)
	github.com/mitchellh/cli@v1.1.5/cli.go:262 +0x5b8
main.wrappedMain()
	github.com/hashicorp/packer/main.go:274 +0xe88
main.realMain()
	github.com/hashicorp/packer/main.go:51 +0xd5
main.main()
	github.com/hashicorp/packer/main.go:37 +0x13
